<?xml version="1.0" encoding="UTF-8"?>
<!-- Generated by org.testng.reporters.JUnitReportReporter -->
<testsuite hostname="DESKTOP-V6I1E6E" failures="0" tests="1" name="insuranceCalculation_Motorcycle.EndtoEndTests_motorCycle" time="46.695" errors="0" timestamp="2022-06-08T13:51:26 IST" skipped="0">
  <testcase classname="insuranceCalculation_Motorcycle.EndtoEndTests_motorCycle" name="insuranceCalculate" time="46.695"/>
  <system-out/>
</testsuite> <!-- insuranceCalculation_Motorcycle.EndtoEndTests_motorCycle -->
